e:\beteor\bin\debug-x64\beteor\beteor.lib
e:\beteor\bin\debug-x64\beteor\beteor.exp
e:\beteor\bin-int\debug-x64\beteor\vc142.pdb
e:\beteor\bin-int\debug-x64\beteor\vc142.idb
e:\beteor\bin-int\debug-x64\beteor\appilication.obj
e:\beteor_game_engine\bin-int\debug-x64\beteor\vc142.pdb
e:\beteor_game_engine\bin-int\debug-x64\beteor\vc142.idb
e:\beteor_game_engine\bin-int\debug-x64\beteor\appilication.obj
e:\beteor_game_engine\bin-int\debug-x64\beteor\log.obj
e:\beteor\bin\debug-x64\beteor\beteor.dll
e:\beteor\bin-int\debug-x64\beteor\beteor.ilk
e:\beteor\bin\debug-x64\beteor\beteor.pdb
e:\beteor_game_engine\bin-int\debug-x64\beteor\test.obj
e:\beteor_game_engine\bin\debug-x64\beteor\beteor.pdb
e:\beteor_game_engine\bin-int\debug-x64\beteor\beteor.tlog\beteor.write.1u.tlog
e:\beteor_game_engine\bin-int\debug-x64\beteor\beteor.tlog\cl.command.1.tlog
e:\beteor_game_engine\bin-int\debug-x64\beteor\beteor.tlog\cl.read.1.tlog
e:\beteor_game_engine\bin-int\debug-x64\beteor\beteor.tlog\cl.write.1.tlog
e:\beteor_game_engine\bin-int\debug-x64\beteor\beteor.tlog\link-cvtres.read.1.tlog
e:\beteor_game_engine\bin-int\debug-x64\beteor\beteor.tlog\link-cvtres.write.1.tlog
e:\beteor_game_engine\bin-int\debug-x64\beteor\beteor.tlog\link-rc.read.1.tlog
e:\beteor_game_engine\bin-int\debug-x64\beteor\beteor.tlog\link-rc.write.1.tlog
e:\beteor_game_engine\bin-int\debug-x64\beteor\beteor.tlog\link.3872.delete.1.tlog
e:\beteor_game_engine\bin-int\debug-x64\beteor\beteor.tlog\link.command.1.tlog
e:\beteor_game_engine\bin-int\debug-x64\beteor\beteor.tlog\link.delete.1.tlog
e:\beteor_game_engine\bin-int\debug-x64\beteor\beteor.tlog\link.read.1.tlog
e:\beteor_game_engine\bin-int\debug-x64\beteor\beteor.tlog\link.write.1.tlog
